0 info it worked if it ends with ok
1 verbose cli [ '/usr/bin/nodejs', '/usr/bin/npm', 'start' ]
2 info using npm@2.15.11
3 info using node@v4.8.4
4 verbose config Skipping project config: /home/ryoya/.npmrc. (matches userconfig)
5 verbose stack Error: ENOENT: no such file or directory, open '/home/ryoya/package.json'
5 verbose stack     at Error (native)
6 verbose cwd /home/ryoya/my_projects/GoogleHome
7 error Linux 4.4.0-104-generic
8 error argv "/usr/bin/nodejs" "/usr/bin/npm" "start"
9 error node v4.8.4
10 error npm  v2.15.11
11 error path /home/ryoya/package.json
12 error code ENOENT
13 error errno -2
14 error syscall open
15 error enoent ENOENT: no such file or directory, open '/home/ryoya/package.json'
15 error enoent This is most likely not a problem with npm itself
15 error enoent and is related to npm not being able to find a file.
16 verbose exit [ -2, true ]
